[22-May-2023 19:21:18 UTC] PHP Warning:  PHP Startup: Unable to load dynamic library 'php_pdo' (tried: C:\php-8.2.6\ext\php_pdo (Не найден указанный модуль), C:\php-8.2.6\ext\php_php_pdo.dll (Не найден указанный модуль)) in Unknown on line 0
[22-May-2023 19:21:18 UTC] PHP Fatal error:  Uncaught PDOException: SQLSTATE[HY000] [14] unable to open database file in C:\Users\dana\uni\subd\lab5\main.php:2
Stack trace:
#0 C:\Users\dana\uni\subd\lab5\main.php(2): PDO->__construct('sqlite://identi...')
#1 {main}
  thrown in C:\Users\dana\uni\subd\lab5\main.php on line 2
[22-May-2023 19:21:58 UTC] PHP Warning:  PHP Startup: Unable to load dynamic library 'pdo_firebird' (tried: C:\php-8.2.6\ext\pdo_firebird (Не найден указанный модуль), C:\php-8.2.6\ext\php_pdo_firebird.dll (Не найден указанный модуль)) in Unknown on line 0
[22-May-2023 19:21:58 UTC] PHP Fatal error:  Uncaught PDOException: SQLSTATE[HY000] [14] unable to open database file in C:\Users\dana\uni\subd\lab5\main.php:2
Stack trace:
#0 C:\Users\dana\uni\subd\lab5\main.php(2): PDO->__construct('sqlite://identi...')
#1 {main}
  thrown in C:\Users\dana\uni\subd\lab5\main.php on line 2
[22-May-2023 19:22:13 UTC] PHP Warning:  PHP Startup: Unable to load dynamic library 'pdo_firebird.dll' (tried: C:\php-8.2.6\ext\pdo_firebird.dll (Не найден указанный модуль), C:\php-8.2.6\ext\php_pdo_firebird.dll.dll (Не найден указанный модуль)) in Unknown on line 0
[22-May-2023 19:22:13 UTC] PHP Fatal error:  Uncaught PDOException: SQLSTATE[HY000] [14] unable to open database file in C:\Users\dana\uni\subd\lab5\main.php:2
Stack trace:
#0 C:\Users\dana\uni\subd\lab5\main.php(2): PDO->__construct('sqlite://identi...')
#1 {main}
  thrown in C:\Users\dana\uni\subd\lab5\main.php on line 2
[22-May-2023 19:22:41 UTC] PHP Warning:  PHP Startup: Unable to load dynamic library 'php_pdo_firebird.dll' (tried: C:\php-8.2.6\ext\php_pdo_firebird.dll (Не найден указанный модуль), C:\php-8.2.6\ext\php_php_pdo_firebird.dll.dll (Не найден указанный модуль)) in Unknown on line 0
[22-May-2023 19:22:41 UTC] PHP Fatal error:  Uncaught PDOException: SQLSTATE[HY000] [14] unable to open database file in C:\Users\dana\uni\subd\lab5\main.php:2
Stack trace:
#0 C:\Users\dana\uni\subd\lab5\main.php(2): PDO->__construct('sqlite://identi...')
#1 {main}
  thrown in C:\Users\dana\uni\subd\lab5\main.php on line 2
[22-May-2023 19:23:08 UTC] PHP Warning:  PHP Startup: Unable to load dynamic library 'php_pdo_firebird' (tried: C:\php-8.2.6\ext\php_pdo_firebird (Не найден указанный модуль), C:\php-8.2.6\ext\php_php_pdo_firebird.dll (Не найден указанный модуль)) in Unknown on line 0
[22-May-2023 19:23:08 UTC] PHP Fatal error:  Uncaught PDOException: SQLSTATE[HY000] [14] unable to open database file in C:\Users\dana\uni\subd\lab5\main.php:2
Stack trace:
#0 C:\Users\dana\uni\subd\lab5\main.php(2): PDO->__construct('sqlite://identi...')
#1 {main}
  thrown in C:\Users\dana\uni\subd\lab5\main.php on line 2
[22-May-2023 19:23:43 UTC] PHP Warning:  Module "pdo_sqlite" is already loaded in Unknown on line 0
[22-May-2023 19:23:43 UTC] PHP Fatal error:  Uncaught PDOException: SQLSTATE[HY000] [14] unable to open database file in C:\Users\dana\uni\subd\lab5\main.php:2
Stack trace:
#0 C:\Users\dana\uni\subd\lab5\main.php(2): PDO->__construct('sqlite://identi...')
#1 {main}
  thrown in C:\Users\dana\uni\subd\lab5\main.php on line 2
[22-May-2023 19:23:58 UTC] PHP Warning:  Module "pdo_sqlite" is already loaded in Unknown on line 0
[22-May-2023 19:23:58 UTC] PHP Fatal error:  Uncaught PDOException: SQLSTATE[HY000] [14] unable to open database file in C:\Users\dana\uni\subd\lab5\main.php:2
Stack trace:
#0 C:\Users\dana\uni\subd\lab5\main.php(2): PDO->__construct('sqlite://identi...')
#1 {main}
  thrown in C:\Users\dana\uni\subd\lab5\main.php on line 2
[22-May-2023 19:24:09 UTC] PHP Fatal error:  Uncaught PDOException: SQLSTATE[HY000] [14] unable to open database file in C:\Users\dana\uni\subd\lab5\main.php:2
Stack trace:
#0 C:\Users\dana\uni\subd\lab5\main.php(2): PDO->__construct('sqlite://identi...')
#1 {main}
  thrown in C:\Users\dana\uni\subd\lab5\main.php on line 2
[22-May-2023 19:25:41 UTC] PHP Parse error:  syntax error, unexpected token "private", expecting end of file in C:\Users\dana\uni\subd\lab5\main.php on line 3
[22-May-2023 19:25:58 UTC] PHP Fatal error:  Uncaught PDOException: SQLSTATE[HY000] [14] unable to open database file in C:\Users\dana\uni\subd\lab5\main.php:2
Stack trace:
#0 C:\Users\dana\uni\subd\lab5\main.php(2): PDO->__construct('sqlite://identi...')
#1 {main}
  thrown in C:\Users\dana\uni\subd\lab5\main.php on line 2
[22-May-2023 19:26:06 UTC] PHP Parse error:  syntax error, unexpected token "private", expecting end of file in C:\Users\dana\uni\subd\lab5\main.php on line 3
[22-May-2023 19:32:11 UTC] PHP Parse error:  syntax error, unexpected token "private", expecting end of file in C:\Users\dana\uni\subd\lab5\main.php on line 3
[22-May-2023 19:33:07 UTC] PHP Parse error:  syntax error, unexpected token "private", expecting end of file in C:\Users\dana\uni\subd\lab5\main.php on line 2
[22-May-2023 19:34:16 UTC] PHP Parse error:  syntax error, unexpected variable "$db" in C:\Users\dana\uni\subd\lab5\main.php on line 3
[22-May-2023 19:36:05 UTC] PHP Fatal error:  Uncaught PDOException: SQLSTATE[HY000] [14] unable to open database file in C:\Users\dana\uni\subd\lab5\main.php:2
Stack trace:
#0 C:\Users\dana\uni\subd\lab5\main.php(2): PDO->__construct('sqlite://identi...')
#1 {main}
  thrown in C:\Users\dana\uni\subd\lab5\main.php on line 2
[22-May-2023 19:36:11 UTC] PHP Fatal error:  Uncaught PDOException: SQLSTATE[HY000] [14] unable to open database file in C:\Users\dana\uni\subd\lab5\main.php:2
Stack trace:
#0 C:\Users\dana\uni\subd\lab5\main.php(2): PDO->__construct('sqlite://identi...')
#1 {main}
  thrown in C:\Users\dana\uni\subd\lab5\main.php on line 2
[22-May-2023 19:42:26 UTC] PHP Fatal error:  Uncaught PDOException: SQLSTATE[HY000] [14] unable to open database file in C:\Users\dana\uni\subd\lab5\main.php:2
Stack trace:
#0 C:\Users\dana\uni\subd\lab5\main.php(2): PDO->__construct('sqlite://identi...')
#1 {main}
  thrown in C:\Users\dana\uni\subd\lab5\main.php on line 2
[22-May-2023 19:42:58 UTC] PHP Fatal error:  Uncaught Error: Class "SQLiteConnection" not found in C:\Users\dana\uni\subd\lab5\main.php:2
Stack trace:
#0 {main}
  thrown in C:\Users\dana\uni\subd\lab5\main.php on line 2
[22-May-2023 19:45:20 UTC] PHP Fatal error:  Uncaught PDOException: SQLSTATE[HY000]: General error: 1 no such column: kiwi in C:\Users\dana\uni\subd\lab5\main.php:6
Stack trace:
#0 C:\Users\dana\uni\subd\lab5\main.php(6): PDO->query('select * from c...')
#1 C:\Users\dana\uni\subd\lab5\main.php(25): add('kiwi', 0)
#2 {main}
  thrown in C:\Users\dana\uni\subd\lab5\main.php on line 6
[22-May-2023 19:46:09 UTC] PHP Fatal error:  Uncaught PDOException: SQLSTATE[HY000]: General error: 1 no such column: kiwi in C:\Users\dana\uni\subd\lab5\main.php:6
Stack trace:
#0 C:\Users\dana\uni\subd\lab5\main.php(6): PDO->query('select * from c...')
#1 C:\Users\dana\uni\subd\lab5\main.php(25): add('kiwi', 0)
#2 {main}
  thrown in C:\Users\dana\uni\subd\lab5\main.php on line 6
[22-May-2023 19:46:24 UTC] PHP Fatal error:  Uncaught PDOException: SQLSTATE[HY000]: General error: 1 no such column: kiwi in C:\Users\dana\uni\subd\lab5\main.php:6
Stack trace:
#0 C:\Users\dana\uni\subd\lab5\main.php(6): PDO->query('select * from c...')
#1 C:\Users\dana\uni\subd\lab5\main.php(25): add('kiwi', 0)
#2 {main}
  thrown in C:\Users\dana\uni\subd\lab5\main.php on line 6
[22-May-2023 19:47:16 UTC] PHP Fatal error:  Uncaught PDOException: SQLSTATE[HY000]: General error: 1 no such column: kiwi in C:\Users\dana\uni\subd\lab5\main.php:6
Stack trace:
#0 C:\Users\dana\uni\subd\lab5\main.php(6): PDO->query('select * from c...')
#1 C:\Users\dana\uni\subd\lab5\main.php(25): add('kiwi', 0)
#2 {main}
  thrown in C:\Users\dana\uni\subd\lab5\main.php on line 6
[22-May-2023 19:48:44 UTC] PHP Fatal error:  Uncaught PDOException: SQLSTATE[HY000]: General error: 1 no such column: kiwi in C:\Users\dana\uni\subd\lab5\main.php:21
Stack trace:
#0 C:\Users\dana\uni\subd\lab5\main.php(21): PDO->query('insert into cat...')
#1 C:\Users\dana\uni\subd\lab5\main.php(25): add(0, 'kiwi')
#2 {main}
  thrown in C:\Users\dana\uni\subd\lab5\main.php on line 21
[22-May-2023 19:49:39 UTC] PHP Fatal error:  Uncaught PDOException: SQLSTATE[HY000]: General error: 1 no such column: kiwi in C:\Users\dana\uni\subd\lab5\main.php:21
Stack trace:
#0 C:\Users\dana\uni\subd\lab5\main.php(21): PDO->query('insert into cat...')
#1 C:\Users\dana\uni\subd\lab5\main.php(25): add('kiwi', 0)
#2 {main}
  thrown in C:\Users\dana\uni\subd\lab5\main.php on line 21
[22-May-2023 19:50:22 UTC] PHP Fatal error:  Uncaught PDOException: SQLSTATE[HY000]: General error: 1 no such column: kiwi in C:\Users\dana\uni\subd\lab5\main.php:21
Stack trace:
#0 C:\Users\dana\uni\subd\lab5\main.php(21): PDO->query('insert into cat...')
#1 C:\Users\dana\uni\subd\lab5\main.php(25): add('kiwi', 0)
#2 {main}
  thrown in C:\Users\dana\uni\subd\lab5\main.php on line 21
[22-May-2023 19:51:06 UTC] PHP Fatal error:  Uncaught PDOException: SQLSTATE[HY000]: General error: 1 no such column: kiwi in C:\Users\dana\uni\subd\lab5\main.php:21
Stack trace:
#0 C:\Users\dana\uni\subd\lab5\main.php(21): PDO->query('insert into cat...')
#1 C:\Users\dana\uni\subd\lab5\main.php(26): add('kiwi', 0)
#2 {main}
  thrown in C:\Users\dana\uni\subd\lab5\main.php on line 21
[22-May-2023 19:51:11 UTC] PHP Fatal error:  Uncaught PDOException: SQLSTATE[HY000]: General error: 1 no such column: kiwi in C:\Users\dana\uni\subd\lab5\main.php:21
Stack trace:
#0 C:\Users\dana\uni\subd\lab5\main.php(21): PDO->query('insert into cat...')
#1 C:\Users\dana\uni\subd\lab5\main.php(26): add('kiwi', 0)
#2 {main}
  thrown in C:\Users\dana\uni\subd\lab5\main.php on line 21
[22-May-2023 19:56:03 UTC] PHP Fatal error:  Uncaught PDOException: SQLSTATE[HY000]: General error: 1 no such column: apple in C:\Users\dana\uni\subd\lab5\main.php:14
Stack trace:
#0 C:\Users\dana\uni\subd\lab5\main.php(14): PDO->query('select * from c...')
#1 C:\Users\dana\uni\subd\lab5\main.php(25): add('apple', 2)
#2 {main}
  thrown in C:\Users\dana\uni\subd\lab5\main.php on line 14
[22-May-2023 19:57:07 UTC] PHP Fatal error:  Uncaught PDOException: SQLSTATE[HY000]: General error: 1 near "2": syntax error in C:\Users\dana\uni\subd\lab5\main.php:17
Stack trace:
#0 C:\Users\dana\uni\subd\lab5\main.php(17): PDO->query('update catalog ...')
#1 C:\Users\dana\uni\subd\lab5\main.php(25): add('apple', 2)
#2 {main}
  thrown in C:\Users\dana\uni\subd\lab5\main.php on line 17
[22-May-2023 19:57:23 UTC] PHP Fatal error:  Uncaught PDOException: SQLSTATE[HY000]: General error: 1 no such column: apple in C:\Users\dana\uni\subd\lab5\main.php:17
Stack trace:
#0 C:\Users\dana\uni\subd\lab5\main.php(17): PDO->query('update catalog ...')
#1 C:\Users\dana\uni\subd\lab5\main.php(25): add('apple', 2)
#2 {main}
  thrown in C:\Users\dana\uni\subd\lab5\main.php on line 17
[08-Jun-2023 11:13:30 UTC] PHP Warning:  Undefined array key "Code_st" in C:\Users\dana\uni\subd\lab5\main.php on line 32
[08-Jun-2023 11:13:30 UTC] PHP Warning:  Undefined array key "name" in C:\Users\dana\uni\subd\lab5\main.php on line 33
[08-Jun-2023 11:13:30 UTC] PHP Warning:  Undefined array key "parent_id" in C:\Users\dana\uni\subd\lab5\main.php on line 34
[08-Jun-2023 11:13:30 UTC] PHP Warning:  Undefined array key "lvl" in C:\Users\dana\uni\subd\lab5\main.php on line 35
[08-Jun-2023 11:13:30 UTC] PHP Warning:  Undefined array key "path" in C:\Users\dana\uni\subd\lab5\main.php on line 36
[08-Jun-2023 11:13:30 UTC] PHP Warning:  Undefined array key "Code_st" in C:\Users\dana\uni\subd\lab5\main.php on line 32
[08-Jun-2023 11:13:30 UTC] PHP Warning:  Undefined array key "name" in C:\Users\dana\uni\subd\lab5\main.php on line 33
[08-Jun-2023 11:13:30 UTC] PHP Warning:  Undefined array key "parent_id" in C:\Users\dana\uni\subd\lab5\main.php on line 34
[08-Jun-2023 11:13:30 UTC] PHP Warning:  Undefined array key "lvl" in C:\Users\dana\uni\subd\lab5\main.php on line 35
[08-Jun-2023 11:13:30 UTC] PHP Warning:  Undefined array key "path" in C:\Users\dana\uni\subd\lab5\main.php on line 36
[08-Jun-2023 11:14:02 UTC] PHP Warning:  Undefined array key "Code_stud" in C:\Users\dana\uni\subd\lab5\main.php on line 32
[08-Jun-2023 11:14:02 UTC] PHP Warning:  Undefined array key "name" in C:\Users\dana\uni\subd\lab5\main.php on line 33
[08-Jun-2023 11:14:02 UTC] PHP Warning:  Undefined array key "parent_id" in C:\Users\dana\uni\subd\lab5\main.php on line 34
[08-Jun-2023 11:14:02 UTC] PHP Warning:  Undefined array key "lvl" in C:\Users\dana\uni\subd\lab5\main.php on line 35
[08-Jun-2023 11:14:02 UTC] PHP Warning:  Undefined array key "path" in C:\Users\dana\uni\subd\lab5\main.php on line 36
[08-Jun-2023 11:14:02 UTC] PHP Warning:  Undefined array key "Code_stud" in C:\Users\dana\uni\subd\lab5\main.php on line 32
[08-Jun-2023 11:14:02 UTC] PHP Warning:  Undefined array key "name" in C:\Users\dana\uni\subd\lab5\main.php on line 33
[08-Jun-2023 11:14:02 UTC] PHP Warning:  Undefined array key "parent_id" in C:\Users\dana\uni\subd\lab5\main.php on line 34
[08-Jun-2023 11:14:02 UTC] PHP Warning:  Undefined array key "lvl" in C:\Users\dana\uni\subd\lab5\main.php on line 35
[08-Jun-2023 11:14:02 UTC] PHP Warning:  Undefined array key "path" in C:\Users\dana\uni\subd\lab5\main.php on line 36
[08-Jun-2023 11:14:19 UTC] PHP Warning:  Undefined array key "Name" in C:\Users\dana\uni\subd\lab5\main.php on line 32
[08-Jun-2023 11:14:19 UTC] PHP Warning:  Undefined array key "name" in C:\Users\dana\uni\subd\lab5\main.php on line 33
[08-Jun-2023 11:14:19 UTC] PHP Warning:  Undefined array key "parent_id" in C:\Users\dana\uni\subd\lab5\main.php on line 34
[08-Jun-2023 11:14:19 UTC] PHP Warning:  Undefined array key "lvl" in C:\Users\dana\uni\subd\lab5\main.php on line 35
[08-Jun-2023 11:14:19 UTC] PHP Warning:  Undefined array key "path" in C:\Users\dana\uni\subd\lab5\main.php on line 36
[08-Jun-2023 11:14:19 UTC] PHP Warning:  Undefined array key "Name" in C:\Users\dana\uni\subd\lab5\main.php on line 32
[08-Jun-2023 11:14:19 UTC] PHP Warning:  Undefined array key "name" in C:\Users\dana\uni\subd\lab5\main.php on line 33
[08-Jun-2023 11:14:19 UTC] PHP Warning:  Undefined array key "parent_id" in C:\Users\dana\uni\subd\lab5\main.php on line 34
[08-Jun-2023 11:14:19 UTC] PHP Warning:  Undefined array key "lvl" in C:\Users\dana\uni\subd\lab5\main.php on line 35
[08-Jun-2023 11:14:19 UTC] PHP Warning:  Undefined array key "path" in C:\Users\dana\uni\subd\lab5\main.php on line 36
[08-Jun-2023 11:14:38 UTC] PHP Warning:  Undefined array key "S.Name" in C:\Users\dana\uni\subd\lab5\main.php on line 32
[08-Jun-2023 11:14:38 UTC] PHP Warning:  Undefined array key "S.Name" in C:\Users\dana\uni\subd\lab5\main.php on line 32
[08-Jun-2023 11:18:31 UTC] PHP Warning:  Undefined array key "Surname" in C:\Users\dana\uni\subd\lab5\main.php on line 33
[08-Jun-2023 11:18:31 UTC] PHP Warning:  Undefined array key "Surname" in C:\Users\dana\uni\subd\lab5\main.php on line 33
[08-Jun-2023 11:18:39 UTC] PHP Warning:  Undefined array key "Surname" in C:\Users\dana\uni\subd\lab5\main.php on line 33
[08-Jun-2023 11:18:39 UTC] PHP Warning:  Undefined array key "Surname" in C:\Users\dana\uni\subd\lab5\main.php on line 33
[08-Jun-2023 11:18:46 UTC] PHP Warning:  Undefined array key "S.Surname" in C:\Users\dana\uni\subd\lab5\main.php on line 33
[08-Jun-2023 11:18:46 UTC] PHP Warning:  Undefined array key "S.Surname" in C:\Users\dana\uni\subd\lab5\main.php on line 33
[08-Jun-2023 11:18:53 UTC] PHP Fatal error:  Uncaught PDOException: SQLSTATE[HY000]: General error: 1 near "as": syntax error in C:\Users\dana\uni\subd\lab5\main.php:25
Stack trace:
#0 C:\Users\dana\uni\subd\lab5\main.php(25): PDO->query('select * as stu...')
#1 {main}
  thrown in C:\Users\dana\uni\subd\lab5\main.php on line 25
[08-Jun-2023 11:19:54 UTC] PHP Warning:  Undefined array key "Code_Group" in C:\Users\dana\uni\subd\lab5\main.php on line 34
[08-Jun-2023 11:19:54 UTC] PHP Warning:  Undefined array key "Code_Group" in C:\Users\dana\uni\subd\lab5\main.php on line 34
[08-Jun-2023 11:20:13 UTC] PHP Warning:  Undefined array key "G.Code_Group" in C:\Users\dana\uni\subd\lab5\main.php on line 34
[08-Jun-2023 11:20:13 UTC] PHP Warning:  Undefined array key "G.Code_Group" in C:\Users\dana\uni\subd\lab5\main.php on line 34
[08-Jun-2023 11:20:23 UTC] PHP Warning:  Undefined array key "Code_Stud" in C:\Users\dana\uni\subd\lab5\main.php on line 34
[08-Jun-2023 11:20:23 UTC] PHP Warning:  Undefined array key "Code_Stud" in C:\Users\dana\uni\subd\lab5\main.php on line 34
[08-Jun-2023 11:35:28 UTC] PHP Fatal error:  Uncaught PDOException: SQLSTATE[HY000]: General error: 1 near "from": syntax error in C:\Users\dana\uni\subd\lab5\main.php:25
Stack trace:
#0 C:\Users\dana\uni\subd\lab5\main.php(25): PDO->query('select G.Code_g...')
#1 {main}
  thrown in C:\Users\dana\uni\subd\lab5\main.php on line 25
[08-Jun-2023 11:35:33 UTC] PHP Fatal error:  Uncaught PDOException: SQLSTATE[HY000]: General error: 1 near "from": syntax error in C:\Users\dana\uni\subd\lab5\main.php:25
Stack trace:
#0 C:\Users\dana\uni\subd\lab5\main.php(25): PDO->query('select G.Code_g...')
#1 {main}
  thrown in C:\Users\dana\uni\subd\lab5\main.php on line 25
[08-Jun-2023 11:35:37 UTC] PHP Fatal error:  Uncaught PDOException: SQLSTATE[HY000]: General error: 1 near "from": syntax error in C:\Users\dana\uni\subd\lab5\main.php:25
Stack trace:
#0 C:\Users\dana\uni\subd\lab5\main.php(25): PDO->query('select G.Code_g...')
#1 {main}
  thrown in C:\Users\dana\uni\subd\lab5\main.php on line 25
[06-Sep-2023 07:24:39 UTC] PHP Warning:  Undefined array key "Code_group" in C:\Users\dana\uni\4 курс\web\lab2\2-4\main.php on line 11
[06-Sep-2023 07:24:39 UTC] PHP Warning:  Undefined array key "Surname" in C:\Users\dana\uni\4 курс\web\lab2\2-4\main.php on line 12
[06-Sep-2023 07:24:39 UTC] PHP Warning:  Undefined array key "Code_subject" in C:\Users\dana\uni\4 курс\web\lab2\2-4\main.php on line 13
[06-Sep-2023 08:09:01 UTC] PHP Warning:  Undefined array key "book.name" in C:\Users\dana\uni\4 курс\web\lab2\2-4\main.php on line 12
[06-Sep-2023 08:09:01 UTC] PHP Warning:  Undefined array key "book.name" in C:\Users\dana\uni\4 курс\web\lab2\2-4\main.php on line 12
[06-Sep-2023 08:09:01 UTC] PHP Warning:  Undefined array key "book.name" in C:\Users\dana\uni\4 курс\web\lab2\2-4\main.php on line 12
[06-Sep-2023 08:09:01 UTC] PHP Warning:  Undefined array key "book.name" in C:\Users\dana\uni\4 курс\web\lab2\2-4\main.php on line 12
[06-Sep-2023 08:09:01 UTC] PHP Warning:  Undefined array key "book.name" in C:\Users\dana\uni\4 курс\web\lab2\2-4\main.php on line 12
[06-Sep-2023 08:09:01 UTC] PHP Warning:  Undefined array key "book.name" in C:\Users\dana\uni\4 курс\web\lab2\2-4\main.php on line 12
[06-Sep-2023 08:09:01 UTC] PHP Warning:  Undefined array key "book.name" in C:\Users\dana\uni\4 курс\web\lab2\2-4\main.php on line 12
