[06-Sep-2023 05:17:54 UTC] PHP Fatal error:  Uncaught Error: Call to undefined function factorial() in C:\Users\dana\uni\4 курс\web\lab2\main.php:5
Stack trace:
#0 C:\Users\dana\uni\4 курс\web\lab2\main.php(8): f1(5)
#1 {main}
  thrown in C:\Users\dana\uni\4 курс\web\lab2\main.php on line 5
[06-Sep-2023 05:18:03 UTC] PHP Fatal error:  Allowed memory size of 134217728 bytes exhausted (tried to allocate 262144 bytes) in C:\Users\dana\uni\4 курс\web\lab2\main.php on line 5
[06-Sep-2023 05:19:12 UTC] PHP Fatal error:  Allowed memory size of 134217728 bytes exhausted (tried to allocate 262144 bytes) in C:\Users\dana\uni\4 курс\web\lab2\main.php on line 5
[06-Sep-2023 05:31:14 UTC] PHP Fatal error:  Uncaught ArgumentCountError: 2 arguments are required, 1 given in C:\Users\dana\uni\4 курс\web\lab2\main.php:25
Stack trace:
#0 C:\Users\dana\uni\4 курс\web\lab2\main.php(25): printf('2) %d\n')
#1 {main}
  thrown in C:\Users\dana\uni\4 курс\web\lab2\main.php on line 25
[06-Sep-2023 05:32:45 UTC] PHP Warning:  Undefined variable $array in C:\Users\dana\uni\4 курс\web\lab2\main.php on line 19
[06-Sep-2023 05:45:06 UTC] PHP Warning:  Array to string conversion in C:\Users\dana\uni\4 курс\web\lab2\main.php on line 45
[06-Sep-2023 06:22:24 UTC] PHP Deprecated:  Creation of dynamic property author::$midlle_name is deprecated in C:\Users\dana\uni\4 курс\web\lab2\main.php on line 58
[06-Sep-2023 06:22:24 UTC] PHP Deprecated:  Creation of dynamic property book::$authours is deprecated in C:\Users\dana\uni\4 курс\web\lab2\main.php on line 60
[06-Sep-2023 06:22:42 UTC] PHP Deprecated:  Creation of dynamic property author::$midlle_name is deprecated in C:\Users\dana\uni\4 курс\web\lab2\main.php on line 58
[06-Sep-2023 06:22:42 UTC] PHP Deprecated:  Creation of dynamic property book::$authours is deprecated in C:\Users\dana\uni\4 курс\web\lab2\main.php on line 60
[06-Sep-2023 06:23:05 UTC] PHP Deprecated:  Creation of dynamic property author::$midlle_name is deprecated in C:\Users\dana\uni\4 курс\web\lab2\main.php on line 58
[06-Sep-2023 06:23:05 UTC] PHP Deprecated:  Creation of dynamic property book::$authours is deprecated in C:\Users\dana\uni\4 курс\web\lab2\main.php on line 60
[06-Sep-2023 06:24:03 UTC] PHP Deprecated:  Creation of dynamic property author::$midlle_name is deprecated in C:\Users\dana\uni\4 курс\web\lab2\main.php on line 58
[06-Sep-2023 06:24:03 UTC] PHP Deprecated:  Creation of dynamic property book::$authours is deprecated in C:\Users\dana\uni\4 курс\web\lab2\main.php on line 60
[06-Sep-2023 06:59:30 UTC] PHP Fatal error:  Uncaught PDOException: SQLSTATE[HY000]: General error: 1 no such table: book in C:\Users\dana\uni\4 курс\web\lab2\main.php:46
Stack trace:
#0 C:\Users\dana\uni\4 курс\web\lab2\main.php(46): PDO->query('select * from b...')
#1 C:\Users\dana\uni\4 курс\web\lab2\main.php(68): f4()
#2 {main}
  thrown in C:\Users\dana\uni\4 курс\web\lab2\main.php on line 46
[06-Sep-2023 07:01:24 UTC] PHP Fatal error:  Uncaught PDOException: SQLSTATE[HY000]: General error: 1 no such table: match in C:\Users\dana\uni\4 курс\web\lab2\main.php:46
Stack trace:
#0 C:\Users\dana\uni\4 курс\web\lab2\main.php(46): PDO->query('select * from m...')
#1 C:\Users\dana\uni\4 курс\web\lab2\main.php(68): f4()
#2 {main}
  thrown in C:\Users\dana\uni\4 курс\web\lab2\main.php on line 46
[06-Sep-2023 07:02:33 UTC] PHP Fatal error:  Uncaught PDOException: SQLSTATE[HY000]: General error: 1 no such table: match in C:\Users\dana\uni\4 курс\web\lab2\main.php:46
Stack trace:
#0 C:\Users\dana\uni\4 курс\web\lab2\main.php(46): PDO->query('select * from m...')
#1 C:\Users\dana\uni\4 курс\web\lab2\main.php(68): f4()
#2 {main}
  thrown in C:\Users\dana\uni\4 курс\web\lab2\main.php on line 46
[06-Sep-2023 07:03:25 UTC] PHP Fatal error:  Uncaught PDOException: SQLSTATE[HY000]: General error: 1 no such table: match in C:\Users\dana\uni\4 курс\web\lab2\main.php:46
Stack trace:
#0 C:\Users\dana\uni\4 курс\web\lab2\main.php(46): PDO->query('select * from m...')
#1 C:\Users\dana\uni\4 курс\web\lab2\main.php(68): f4()
#2 {main}
  thrown in C:\Users\dana\uni\4 курс\web\lab2\main.php on line 46
[06-Sep-2023 07:04:08 UTC] PHP Warning:  Undefined variable $db in C:\Users\dana\uni\4 курс\web\lab2\main.php on line 45
[06-Sep-2023 07:04:08 UTC] PHP Fatal error:  Uncaught Error: Call to a member function query() on null in C:\Users\dana\uni\4 курс\web\lab2\main.php:45
Stack trace:
#0 C:\Users\dana\uni\4 курс\web\lab2\main.php(67): f4()
#1 {main}
  thrown in C:\Users\dana\uni\4 курс\web\lab2\main.php on line 45
[06-Sep-2023 07:05:22 UTC] PHP Fatal error:  Uncaught PDOException: SQLSTATE[HY000]: General error: 1 no such table: match in C:\Users\dana\uni\4 курс\web\lab2\main.php:45
Stack trace:
#0 C:\Users\dana\uni\4 курс\web\lab2\main.php(45): PDO->query('select * from m...')
#1 C:\Users\dana\uni\4 курс\web\lab2\main.php(67): f4()
#2 {main}
  thrown in C:\Users\dana\uni\4 курс\web\lab2\main.php on line 45
[06-Sep-2023 07:06:08 UTC] PHP Fatal error:  Uncaught PDOException: SQLSTATE[HY000]: General error: 1 no such table: match in C:\Users\dana\uni\4 курс\web\lab2\base.php:3
Stack trace:
#0 C:\Users\dana\uni\4 курс\web\lab2\base.php(3): PDO->query('select * from m...')
#1 {main}
  thrown in C:\Users\dana\uni\4 курс\web\lab2\base.php on line 3
[06-Sep-2023 07:14:24 UTC] PHP Fatal error:  Uncaught PDOException: SQLSTATE[HY000]: General error: 1 no such table: match in C:\Users\dana\uni\4 курс\web\lab2\main.php:46
Stack trace:
#0 C:\Users\dana\uni\4 курс\web\lab2\main.php(46): PDO->query('select * from m...')
#1 C:\Users\dana\uni\4 курс\web\lab2\main.php(68): f4()
#2 {main}
  thrown in C:\Users\dana\uni\4 курс\web\lab2\main.php on line 46
[06-Sep-2023 07:14:32 UTC] PHP Fatal error:  Uncaught PDOException: SQLSTATE[HY000]: General error: 1 no such table: book in C:\Users\dana\uni\4 курс\web\lab2\main.php:46
Stack trace:
#0 C:\Users\dana\uni\4 курс\web\lab2\main.php(46): PDO->query('select * from b...')
#1 C:\Users\dana\uni\4 курс\web\lab2\main.php(68): f4()
#2 {main}
  thrown in C:\Users\dana\uni\4 курс\web\lab2\main.php on line 46
[06-Sep-2023 07:15:24 UTC] PHP Fatal error:  Uncaught PDOException: SQLSTATE[HY000]: General error: 1 no such table: author in C:\Users\dana\uni\4 курс\web\lab2\main.php:46
Stack trace:
#0 C:\Users\dana\uni\4 курс\web\lab2\main.php(46): PDO->query('select * from a...')
#1 C:\Users\dana\uni\4 курс\web\lab2\main.php(68): f4()
#2 {main}
  thrown in C:\Users\dana\uni\4 курс\web\lab2\main.php on line 46
[06-Sep-2023 07:18:28 UTC] PHP Fatal error:  Uncaught PDOException: SQLSTATE[HY000]: General error: 1 no such table: author in C:\Users\dana\uni\4 курс\web\lab2\main.php:46
Stack trace:
#0 C:\Users\dana\uni\4 курс\web\lab2\main.php(46): PDO->query('select * from a...')
#1 C:\Users\dana\uni\4 курс\web\lab2\main.php(68): f4()
#2 {main}
  thrown in C:\Users\dana\uni\4 курс\web\lab2\main.php on line 46
[06-Sep-2023 07:19:57 UTC] PHP Fatal error:  Uncaught PDOException: SQLSTATE[HY000]: General error: 1 no such table: author in C:\Users\dana\uni\4 курс\web\lab2\main.php:46
Stack trace:
#0 C:\Users\dana\uni\4 курс\web\lab2\main.php(46): PDO->query('select * from a...')
#1 C:\Users\dana\uni\4 курс\web\lab2\main.php(68): f4()
#2 {main}
  thrown in C:\Users\dana\uni\4 курс\web\lab2\main.php on line 46
